# Logfile created on 2014-12-17 21:20:49 +0100 by logger.rb/41954
D, [2014-12-17T21:20:50.415167 #53158] DEBUG -- : RUBY0001 OK ferdi.leinbach@gmail.com authenticated (Success)

D, [2014-12-17T21:20:50.415244 #53158] DEBUG -- : loading mailboxes...
D, [2014-12-17T21:20:50.584366 #53158] DEBUG -- : Loaded mailboxes: ["INBOX", "0", "GTD/Antworten", "GTD/Lesen", "GTD/Rechnungen", "GTD/Referenzmaterial", "GTD/Waiting", "Workthrough", "Workthrough/tests", "[Google Mail]/Alle Nachrichten", "[Google Mail]/Entwürfe", "[Google Mail]/Gesendet", "[Google Mail]/Markiert", "[Google Mail]/Papierkorb", "[Google Mail]/Spam", "[Google Mail]/Wichtig", "zzz_GTD-Luggage"]
D, [2014-12-17T21:20:50.584473 #53158] DEBUG -- : Setting aliases to {"sent"=>"[Google Mail]/Gesendet", "all"=>"[Google Mail]/Alle Nachrichten", "starred"=>"[Google Mail]/Markiert", "important"=>"[Google Mail]/Wichtig", "drafts"=>"[Google Mail]/Entwürfe", "spam"=>"[Google Mail]/Spam", "trash"=>"[Google Mail]/Papierkorb"}
D, [2014-12-17T21:20:50.586967 #53158] DEBUG -- : Selecting mailbox "INBOX"
D, [2014-12-17T21:20:50.759079 #53158] DEBUG -- : RUBY0003 OK [READ-WRITE] INBOX selected. (Success)

D, [2014-12-17T21:20:50.759177 #53158] DEBUG -- : Done
D, [2014-12-17T21:20:50.762140 #53158] DEBUG -- : Getting mailbox status
D, [2014-12-17T21:20:50.762208 #53158] DEBUG -- : Getting highest message id
D, [2014-12-17T21:20:50.925070 #53158] DEBUG -- : Highest seqno: 17
D, [2014-12-17T21:20:51.558194 #53158] DEBUG -- : Setting window width to 318
D, [2014-12-17T21:20:51.618773 #53158] DEBUG -- : Selecting mailbox "INBOX"
D, [2014-12-17T21:20:51.794605 #53158] DEBUG -- : RUBY0005 OK [READ-WRITE] INBOX selected. (Success)

D, [2014-12-17T21:20:51.794692 #53158] DEBUG -- : Done
D, [2014-12-17T21:20:51.795097 #53158] DEBUG -- : Getting mailbox status
D, [2014-12-17T21:20:51.795125 #53158] DEBUG -- : Getting highest message id
D, [2014-12-17T21:20:51.958946 #53158] DEBUG -- : Highest seqno: 17
D, [2014-12-17T21:20:52.033901 #53158] DEBUG -- : #search: "\"all\""
D, [2014-12-17T21:20:52.034152 #53158] DEBUG -- : Query: "1:17 all"
D, [2014-12-17T21:20:52.279648 #53158] DEBUG -- : - Query got 17 results; max seqno: 17
D, [2014-12-17T21:20:52.279714 #53158] DEBUG -- : Clearing cached message
D, [2014-12-17T21:20:52.279747 #53158] DEBUG -- : Fetching headers for 17 messages
D, [2014-12-17T21:20:58.105337 #53158] DEBUG -- : loading mailboxes...
D, [2014-12-17T21:20:58.105407 #53158] DEBUG -- : Loaded mailboxes: ["INBOX", "0", "GTD/Antworten", "GTD/Lesen", "GTD/Rechnungen", "GTD/Referenzmaterial", "GTD/Waiting", "Workthrough", "Workthrough/tests", "all", "drafts", "sent", "starred", "trash", "spam", "important", "zzz_GTD-Luggage"]
D, [2014-12-17T21:21:07.726563 #53158] DEBUG -- : Closing connection
D, [2014-12-17T21:27:31.007529 #53568] DEBUG -- : RUBY0001 OK ferdi.leinbach@gmail.com authenticated (Success)

D, [2014-12-17T21:27:31.007592 #53568] DEBUG -- : loading mailboxes...
D, [2014-12-17T21:27:31.175658 #53568] DEBUG -- : Loaded mailboxes: ["INBOX", "0", "GTD/Antworten", "GTD/Lesen", "GTD/Rechnungen", "GTD/Referenzmaterial", "GTD/Waiting", "Workthrough", "Workthrough/tests", "[Google Mail]/Alle Nachrichten", "[Google Mail]/Entwürfe", "[Google Mail]/Gesendet", "[Google Mail]/Markiert", "[Google Mail]/Papierkorb", "[Google Mail]/Spam", "[Google Mail]/Wichtig", "zzz_GTD-Luggage"]
D, [2014-12-17T21:27:31.175750 #53568] DEBUG -- : Setting aliases to {"sent"=>"[Google Mail]/Gesendet", "all"=>"[Google Mail]/Alle Nachrichten", "starred"=>"[Google Mail]/Markiert", "important"=>"[Google Mail]/Wichtig", "drafts"=>"[Google Mail]/Entwürfe", "spam"=>"[Google Mail]/Spam", "trash"=>"[Google Mail]/Papierkorb"}
D, [2014-12-17T21:27:31.180059 #53568] DEBUG -- : Selecting mailbox "INBOX"
D, [2014-12-17T21:27:31.348500 #53568] DEBUG -- : RUBY0003 OK [READ-WRITE] INBOX selected. (Success)

D, [2014-12-17T21:27:31.348580 #53568] DEBUG -- : Done
D, [2014-12-17T21:27:31.349084 #53568] DEBUG -- : Getting mailbox status
D, [2014-12-17T21:27:31.349110 #53568] DEBUG -- : Getting highest message id
D, [2014-12-17T21:27:31.561124 #53568] DEBUG -- : Highest seqno: 17
D, [2014-12-17T21:27:32.228805 #53568] DEBUG -- : Setting window width to 318
D, [2014-12-17T21:27:32.302664 #53568] DEBUG -- : Selecting mailbox "INBOX"
D, [2014-12-17T21:27:32.473814 #53568] DEBUG -- : RUBY0005 OK [READ-WRITE] INBOX selected. (Success)

D, [2014-12-17T21:27:32.473903 #53568] DEBUG -- : Done
D, [2014-12-17T21:27:32.474271 #53568] DEBUG -- : Getting mailbox status
D, [2014-12-17T21:27:32.474296 #53568] DEBUG -- : Getting highest message id
D, [2014-12-17T21:27:32.637363 #53568] DEBUG -- : Highest seqno: 17
D, [2014-12-17T21:27:32.718896 #53568] DEBUG -- : #search: "\"all\""
D, [2014-12-17T21:27:32.719098 #53568] DEBUG -- : Query: "1:17 all"
D, [2014-12-17T21:27:32.882093 #53568] DEBUG -- : - Query got 17 results; max seqno: 17
D, [2014-12-17T21:27:32.882156 #53568] DEBUG -- : Clearing cached message
D, [2014-12-17T21:27:32.882186 #53568] DEBUG -- : Fetching headers for 17 messages
D, [2014-12-17T21:27:35.525445 #53568] DEBUG -- : loading mailboxes...
D, [2014-12-17T21:27:35.525518 #53568] DEBUG -- : Loaded mailboxes: ["INBOX", "0", "GTD/Antworten", "GTD/Lesen", "GTD/Rechnungen", "GTD/Referenzmaterial", "GTD/Waiting", "Workthrough", "Workthrough/tests", "all", "drafts", "sent", "starred", "trash", "spam", "important", "zzz_GTD-Luggage"]
D, [2014-12-17T21:27:36.913766 #53568] DEBUG -- : Selecting mailbox "GTD/Antworten"
D, [2014-12-17T21:27:37.109282 #53568] DEBUG -- : RUBY0009 OK [READ-WRITE] GTD/Antworten selected. (Success)

D, [2014-12-17T21:27:37.109362 #53568] DEBUG -- : Done
D, [2014-12-17T21:27:37.119411 #53568] DEBUG -- : Getting mailbox status
D, [2014-12-17T21:27:37.119463 #53568] DEBUG -- : Getting highest message id
D, [2014-12-17T21:27:37.281264 #53568] DEBUG -- : NO HIGHEST ID: setting @num_messages to 1
D, [2014-12-17T21:27:37.355275 #53568] DEBUG -- : Setting window width to 318
D, [2014-12-17T21:27:37.419578 #53568] DEBUG -- : #search: "all"
D, [2014-12-17T21:27:37.419666 #53568] DEBUG -- : Query: "1:1 all"
D, [2014-12-17T21:27:37.659154 #53568] DEBUG -- : Show message: "messages"
D, [2014-12-17T21:27:37.659407 #53568] DEBUG -- : - could not find message "messages"
D, [2014-12-17T21:27:37.659431 #53568] DEBUG -- : - full message cache miss
D, [2014-12-17T21:27:37.660883 #53568] DEBUG -- : - Labeling not found for {:message_id=>"messages", :label_id=>2}
D, [2014-12-17T21:27:37.660917 #53568] DEBUG -- : Showing message message_id: messages
D, [2014-12-17T21:27:43.023246 #53568] DEBUG -- : loading mailboxes...
D, [2014-12-17T21:27:43.023307 #53568] DEBUG -- : Loaded mailboxes: ["INBOX", "0", "GTD/Antworten", "GTD/Lesen", "GTD/Rechnungen", "GTD/Referenzmaterial", "GTD/Waiting", "Workthrough", "Workthrough/tests", "all", "drafts", "sent", "starred", "trash", "spam", "important", "zzz_GTD-Luggage"]
D, [2014-12-17T21:27:46.350905 #53568] DEBUG -- : Selecting mailbox "GTD/Lesen"
D, [2014-12-17T21:27:46.546995 #53568] DEBUG -- : RUBY0012 OK [READ-WRITE] GTD/Lesen selected. (Success)

D, [2014-12-17T21:27:46.547095 #53568] DEBUG -- : Done
D, [2014-12-17T21:27:46.556954 #53568] DEBUG -- : Getting mailbox status
D, [2014-12-17T21:27:46.557012 #53568] DEBUG -- : Getting highest message id
D, [2014-12-17T21:27:46.720453 #53568] DEBUG -- : Highest seqno: 13
D, [2014-12-17T21:27:46.796676 #53568] DEBUG -- : Setting window width to 318
D, [2014-12-17T21:27:46.864340 #53568] DEBUG -- : #search: "all"
D, [2014-12-17T21:27:46.864438 #53568] DEBUG -- : Query: "1:13 all"
D, [2014-12-17T21:27:47.029905 #53568] DEBUG -- : - Query got 13 results; max seqno: 13
D, [2014-12-17T21:27:47.029965 #53568] DEBUG -- : Clearing cached message
D, [2014-12-17T21:27:47.029988 #53568] DEBUG -- : Fetching headers for 13 messages
D, [2014-12-17T21:27:52.256140 #53568] DEBUG -- : loading mailboxes...
D, [2014-12-17T21:27:52.256208 #53568] DEBUG -- : Loaded mailboxes: ["INBOX", "0", "GTD/Antworten", "GTD/Lesen", "GTD/Rechnungen", "GTD/Referenzmaterial", "GTD/Waiting", "Workthrough", "Workthrough/tests", "all", "drafts", "sent", "starred", "trash", "spam", "important", "zzz_GTD-Luggage"]
D, [2014-12-17T21:28:00.099374 #53568] DEBUG -- : loading mailboxes...
D, [2014-12-17T21:28:00.099437 #53568] DEBUG -- : Loaded mailboxes: ["INBOX", "0", "GTD/Antworten", "GTD/Lesen", "GTD/Rechnungen", "GTD/Referenzmaterial", "GTD/Waiting", "Workthrough", "Workthrough/tests", "all", "drafts", "sent", "starred", "trash", "spam", "important", "zzz_GTD-Luggage"]
D, [2014-12-17T21:28:06.126274 #53568] DEBUG -- : Selecting mailbox "INBOX"
D, [2014-12-17T21:28:06.300018 #53568] DEBUG -- : RUBY0016 OK [READ-WRITE] INBOX selected. (Success)

D, [2014-12-17T21:28:06.300103 #53568] DEBUG -- : Done
D, [2014-12-17T21:28:06.300369 #53568] DEBUG -- : Getting mailbox status
D, [2014-12-17T21:28:06.300392 #53568] DEBUG -- : Getting highest message id
D, [2014-12-17T21:28:06.461805 #53568] DEBUG -- : Highest seqno: 17
D, [2014-12-17T21:28:06.522923 #53568] DEBUG -- : Setting window width to 318
D, [2014-12-17T21:28:06.586304 #53568] DEBUG -- : #search: "all"
D, [2014-12-17T21:28:06.586386 #53568] DEBUG -- : Query: "1:17 all"
D, [2014-12-17T21:28:06.748758 #53568] DEBUG -- : - Query got 17 results; max seqno: 17
D, [2014-12-17T21:28:06.748858 #53568] DEBUG -- : Clearing cached message
D, [2014-12-17T21:28:06.748877 #53568] DEBUG -- : Fetching headers for 17 messages
D, [2014-12-17T21:28:14.000015 #53568] DEBUG -- : Flag [36135] Deleted +FLAGS
D, [2014-12-17T21:28:14.000062 #53568] DEBUG -- : Deleting uid_set: [36135]
D, [2014-12-17T21:28:14.000088 #53568] DEBUG -- : Decremented max seqno from 17 to 16
D, [2014-12-17T21:28:14.000245 #53568] DEBUG -- : imap.uid_copy [36135] to [Google Mail]/Papierkorb
D, [2014-12-17T21:28:15.551216 #53568] DEBUG -- : RUBY0020 OK [COPYUID 601107579 36135 13809] (Success)

D, [2014-12-17T21:28:15.551282 #53568] DEBUG -- : imap.uid_store [36135] +FLAGS [Deleted]
D, [2014-12-17T21:28:16.165675 #53568] DEBUG -- : nil
D, [2014-12-17T21:28:16.165740 #53568] DEBUG -- : Selecting mailbox "INBOX"
D, [2014-12-17T21:28:16.343332 #53568] DEBUG -- : RUBY0022 OK [READ-WRITE] INBOX selected. (Success)

D, [2014-12-17T21:28:16.343412 #53568] DEBUG -- : Done
D, [2014-12-17T21:28:16.343678 #53568] DEBUG -- : Getting mailbox status
D, [2014-12-17T21:28:16.343703 #53568] DEBUG -- : Getting highest message id
D, [2014-12-17T21:28:16.505736 #53568] DEBUG -- : Highest seqno: 16
D, [2014-12-17T21:28:16.505793 #53568] DEBUG -- : Clearing cached message
D, [2014-12-17T21:28:17.051256 #53568] DEBUG -- : Show message: "<328027296.247995561418844059526.JavaMail.email@email.apple.com>"
D, [2014-12-17T21:28:17.051508 #53568] DEBUG -- : - found message <328027296.247995561418844059526.JavaMail.email@email.apple.com>
D, [2014-12-17T21:28:17.051539 #53568] DEBUG -- : - message has plaintext? false
D, [2014-12-17T21:28:17.051555 #53568] DEBUG -- : - full message cache miss
D, [2014-12-17T21:28:17.051736 #53568] DEBUG -- : - fetching message uid 36134
D, [2014-12-17T21:28:17.869369 #53568] DEBUG -- : Showing message message_id: <328027296.247995561418844059526.JavaMail.email@email.apple.com>
D, [2014-12-17T21:28:29.636639 #53568] DEBUG -- : Flag [36134] Deleted +FLAGS
D, [2014-12-17T21:28:29.636686 #53568] DEBUG -- : Deleting uid_set: [36134]
D, [2014-12-17T21:28:29.636710 #53568] DEBUG -- : Decremented max seqno from 16 to 15
D, [2014-12-17T21:28:29.636874 #53568] DEBUG -- : imap.uid_copy [36134] to [Google Mail]/Papierkorb
D, [2014-12-17T21:28:29.990022 #53568] DEBUG -- : RUBY0025 OK [COPYUID 601107579 36134 13810] (Success)

D, [2014-12-17T21:28:29.990082 #53568] DEBUG -- : imap.uid_store [36134] +FLAGS [Deleted]
D, [2014-12-17T21:28:30.154175 #53568] DEBUG -- : nil
D, [2014-12-17T21:28:30.154243 #53568] DEBUG -- : Selecting mailbox "INBOX"
D, [2014-12-17T21:28:30.324757 #53568] DEBUG -- : RUBY0027 OK [READ-WRITE] INBOX selected. (Success)

D, [2014-12-17T21:28:30.324839 #53568] DEBUG -- : Done
D, [2014-12-17T21:28:30.325139 #53568] DEBUG -- : Getting mailbox status
D, [2014-12-17T21:28:30.325163 #53568] DEBUG -- : Getting highest message id
D, [2014-12-17T21:28:30.486971 #53568] DEBUG -- : Highest seqno: 15
D, [2014-12-17T21:28:30.487032 #53568] DEBUG -- : Clearing cached message
D, [2014-12-17T21:28:33.030358 #53568] DEBUG -- : Flag [36133] Deleted +FLAGS
D, [2014-12-17T21:28:33.030404 #53568] DEBUG -- : Deleting uid_set: [36133]
D, [2014-12-17T21:28:33.030424 #53568] DEBUG -- : Decremented max seqno from 15 to 14
D, [2014-12-17T21:28:33.030567 #53568] DEBUG -- : imap.uid_copy [36133] to [Google Mail]/Papierkorb
D, [2014-12-17T21:28:33.344201 #53568] DEBUG -- : RUBY0029 OK [COPYUID 601107579 36133 13811] (Success)

D, [2014-12-17T21:28:33.344262 #53568] DEBUG -- : imap.uid_store [36133] +FLAGS [Deleted]
D, [2014-12-17T21:28:33.506325 #53568] DEBUG -- : nil
D, [2014-12-17T21:28:33.506384 #53568] DEBUG -- : Selecting mailbox "INBOX"
D, [2014-12-17T21:28:33.676602 #53568] DEBUG -- : RUBY0031 OK [READ-WRITE] INBOX selected. (Success)

D, [2014-12-17T21:28:33.676681 #53568] DEBUG -- : Done
D, [2014-12-17T21:28:33.676947 #53568] DEBUG -- : Getting mailbox status
D, [2014-12-17T21:28:33.676970 #53568] DEBUG -- : Getting highest message id
D, [2014-12-17T21:28:33.863310 #53568] DEBUG -- : Highest seqno: 14
D, [2014-12-17T21:28:33.863366 #53568] DEBUG -- : Clearing cached message
D, [2014-12-17T21:28:36.923081 #53568] DEBUG -- : Show message: "<08485734072_1418840437_123624274@worker116.mimi>"
D, [2014-12-17T21:28:36.923336 #53568] DEBUG -- : - found message <08485734072_1418840437_123624274@worker116.mimi>
D, [2014-12-17T21:28:36.923364 #53568] DEBUG -- : - message has plaintext? false
D, [2014-12-17T21:28:36.923379 #53568] DEBUG -- : - full message cache miss
D, [2014-12-17T21:28:36.923552 #53568] DEBUG -- : - fetching message uid 36132
D, [2014-12-17T21:28:37.225617 #53568] DEBUG -- : Showing message message_id: <08485734072_1418840437_123624274@worker116.mimi>
D, [2014-12-17T21:29:42.291282 #53568] DEBUG -- : Flag [36132] Deleted +FLAGS
D, [2014-12-17T21:29:42.291331 #53568] DEBUG -- : Deleting uid_set: [36132]
D, [2014-12-17T21:29:42.291354 #53568] DEBUG -- : Decremented max seqno from 14 to 13
D, [2014-12-17T21:29:42.291471 #53568] DEBUG -- : imap.uid_copy [36132] to [Google Mail]/Papierkorb
D, [2014-12-17T21:29:42.796868 #53568] DEBUG -- : RUBY0034 OK [COPYUID 601107579 36132 13812] (Success)

D, [2014-12-17T21:29:42.796929 #53568] DEBUG -- : imap.uid_store [36132] +FLAGS [Deleted]
D, [2014-12-17T21:29:42.970003 #53568] DEBUG -- : nil
D, [2014-12-17T21:29:42.970069 #53568] DEBUG -- : Selecting mailbox "INBOX"
D, [2014-12-17T21:29:43.139230 #53568] DEBUG -- : RUBY0036 OK [READ-WRITE] INBOX selected. (Success)

D, [2014-12-17T21:29:43.139314 #53568] DEBUG -- : Done
D, [2014-12-17T21:29:43.139582 #53568] DEBUG -- : Getting mailbox status
D, [2014-12-17T21:29:43.139608 #53568] DEBUG -- : Getting highest message id
D, [2014-12-17T21:29:43.381766 #53568] DEBUG -- : Highest seqno: 13
D, [2014-12-17T21:29:43.381824 #53568] DEBUG -- : Clearing cached message
D, [2014-12-17T21:29:46.823805 #53568] DEBUG -- : Show message: "<820c8324c8d125df5a73a0bb35ba7657dab.20141217172419@mail166.atl61.mcsv.net>"
D, [2014-12-17T21:29:46.824056 #53568] DEBUG -- : - found message <820c8324c8d125df5a73a0bb35ba7657dab.20141217172419@mail166.atl61.mcsv.net>
D, [2014-12-17T21:29:46.824083 #53568] DEBUG -- : - message has plaintext? false
D, [2014-12-17T21:29:46.824098 #53568] DEBUG -- : - full message cache miss
D, [2014-12-17T21:29:46.824277 #53568] DEBUG -- : - fetching message uid 36131
D, [2014-12-17T21:29:47.040588 #53568] DEBUG -- : Showing message message_id: <820c8324c8d125df5a73a0bb35ba7657dab.20141217172419@mail166.atl61.mcsv.net>
D, [2014-12-17T21:29:52.745425 #53568] DEBUG -- : Flag [36131] Deleted +FLAGS
D, [2014-12-17T21:29:52.745473 #53568] DEBUG -- : Deleting uid_set: [36131]
D, [2014-12-17T21:29:52.745493 #53568] DEBUG -- : Decremented max seqno from 13 to 12
D, [2014-12-17T21:29:52.745612 #53568] DEBUG -- : imap.uid_copy [36131] to [Google Mail]/Papierkorb
D, [2014-12-17T21:29:53.035518 #53568] DEBUG -- : RUBY0039 OK [COPYUID 601107579 36131 13813] (Success)

D, [2014-12-17T21:29:53.035576 #53568] DEBUG -- : imap.uid_store [36131] +FLAGS [Deleted]
D, [2014-12-17T21:29:53.198847 #53568] DEBUG -- : nil
D, [2014-12-17T21:29:53.198905 #53568] DEBUG -- : Selecting mailbox "INBOX"
D, [2014-12-17T21:29:53.368651 #53568] DEBUG -- : RUBY0041 OK [READ-WRITE] INBOX selected. (Success)

D, [2014-12-17T21:29:53.368732 #53568] DEBUG -- : Done
D, [2014-12-17T21:29:53.369004 #53568] DEBUG -- : Getting mailbox status
D, [2014-12-17T21:29:53.369040 #53568] DEBUG -- : Getting highest message id
D, [2014-12-17T21:29:53.530987 #53568] DEBUG -- : Highest seqno: 12
D, [2014-12-17T21:29:53.531048 #53568] DEBUG -- : Clearing cached message
D, [2014-12-17T21:29:58.223650 #53568] DEBUG -- : Show message: "<820c8324c8d125df5a73a0bb313e0db7dd9.20141217155150@mail196.atl21.rsgsv.net>"
D, [2014-12-17T21:29:58.223897 #53568] DEBUG -- : - found message <820c8324c8d125df5a73a0bb313e0db7dd9.20141217155150@mail196.atl21.rsgsv.net>
D, [2014-12-17T21:29:58.223924 #53568] DEBUG -- : - message has plaintext? false
D, [2014-12-17T21:29:58.223939 #53568] DEBUG -- : - full message cache miss
D, [2014-12-17T21:29:58.224117 #53568] DEBUG -- : - fetching message uid 36130
D, [2014-12-17T21:29:59.733264 #53568] DEBUG -- : Showing message message_id: <820c8324c8d125df5a73a0bb313e0db7dd9.20141217155150@mail196.atl21.rsgsv.net>
D, [2014-12-17T21:30:28.066150 #53568] DEBUG -- : Flag [36130] Deleted +FLAGS
D, [2014-12-17T21:30:28.066198 #53568] DEBUG -- : Deleting uid_set: [36130]
D, [2014-12-17T21:30:28.066222 #53568] DEBUG -- : Decremented max seqno from 12 to 11
D, [2014-12-17T21:30:28.066371 #53568] DEBUG -- : imap.uid_copy [36130] to [Google Mail]/Papierkorb
D, [2014-12-17T21:30:28.570075 #53568] DEBUG -- : RUBY0044 OK [COPYUID 601107579 36130 13814] (Success)

D, [2014-12-17T21:30:28.570195 #53568] DEBUG -- : imap.uid_store [36130] +FLAGS [Deleted]
D, [2014-12-17T21:30:28.732710 #53568] DEBUG -- : nil
D, [2014-12-17T21:30:28.732780 #53568] DEBUG -- : Selecting mailbox "INBOX"
D, [2014-12-17T21:30:28.903951 #53568] DEBUG -- : RUBY0046 OK [READ-WRITE] INBOX selected. (Success)

D, [2014-12-17T21:30:28.904036 #53568] DEBUG -- : Done
D, [2014-12-17T21:30:28.904322 #53568] DEBUG -- : Getting mailbox status
D, [2014-12-17T21:30:28.904346 #53568] DEBUG -- : Getting highest message id
D, [2014-12-17T21:30:29.066777 #53568] DEBUG -- : Highest seqno: 11
D, [2014-12-17T21:30:29.066838 #53568] DEBUG -- : Clearing cached message
D, [2014-12-17T21:30:31.010345 #53568] DEBUG -- : Flag [36129] Deleted +FLAGS
D, [2014-12-17T21:30:31.010391 #53568] DEBUG -- : Deleting uid_set: [36129]
D, [2014-12-17T21:30:31.010412 #53568] DEBUG -- : Decremented max seqno from 11 to 10
D, [2014-12-17T21:30:31.010568 #53568] DEBUG -- : imap.uid_copy [36129] to [Google Mail]/Papierkorb
D, [2014-12-17T21:30:31.641951 #53568] DEBUG -- : RUBY0048 OK [COPYUID 601107579 36129 13815] (Success)

D, [2014-12-17T21:30:31.642012 #53568] DEBUG -- : imap.uid_store [36129] +FLAGS [Deleted]
D, [2014-12-17T21:30:31.804390 #53568] DEBUG -- : nil
D, [2014-12-17T21:30:31.804452 #53568] DEBUG -- : Selecting mailbox "INBOX"
D, [2014-12-17T21:30:31.976117 #53568] DEBUG -- : RUBY0050 OK [READ-WRITE] INBOX selected. (Success)

D, [2014-12-17T21:30:31.976198 #53568] DEBUG -- : Done
D, [2014-12-17T21:30:31.976467 #53568] DEBUG -- : Getting mailbox status
D, [2014-12-17T21:30:31.976491 #53568] DEBUG -- : Getting highest message id
D, [2014-12-17T21:30:32.143286 #53568] DEBUG -- : Highest seqno: 10
D, [2014-12-17T21:30:32.143340 #53568] DEBUG -- : Clearing cached message
D, [2014-12-17T21:30:35.934043 #53568] DEBUG -- : Show message: "<0000014a58c8ec34-2ce402e8-29dc-4d74-acec-3499568ecf84-000000@email.amazonses.com>"
D, [2014-12-17T21:30:35.934311 #53568] DEBUG -- : - found message <0000014a58c8ec34-2ce402e8-29dc-4d74-acec-3499568ecf84-000000@email.amazonses.com>
D, [2014-12-17T21:30:35.934340 #53568] DEBUG -- : - message has plaintext? false
D, [2014-12-17T21:30:35.934357 #53568] DEBUG -- : - full message cache miss
D, [2014-12-17T21:30:35.934537 #53568] DEBUG -- : - fetching message uid 36128
D, [2014-12-17T21:30:36.577433 #53568] DEBUG -- : Showing message message_id: <0000014a58c8ec34-2ce402e8-29dc-4d74-acec-3499568ecf84-000000@email.amazonses.com>
D, [2014-12-17T21:30:48.414642 #53568] DEBUG -- : Flag [36128] Deleted +FLAGS
D, [2014-12-17T21:30:48.414690 #53568] DEBUG -- : Deleting uid_set: [36128]
D, [2014-12-17T21:30:48.414710 #53568] DEBUG -- : Decremented max seqno from 10 to 9
D, [2014-12-17T21:30:48.414853 #53568] DEBUG -- : imap.uid_copy [36128] to [Google Mail]/Papierkorb
D, [2014-12-17T21:30:48.845192 #53568] DEBUG -- : RUBY0053 OK [COPYUID 601107579 36128 13816] (Success)

D, [2014-12-17T21:30:48.845250 #53568] DEBUG -- : imap.uid_store [36128] +FLAGS [Deleted]
D, [2014-12-17T21:30:49.006932 #53568] DEBUG -- : nil
D, [2014-12-17T21:30:49.006992 #53568] DEBUG -- : Selecting mailbox "INBOX"
D, [2014-12-17T21:30:49.175708 #53568] DEBUG -- : RUBY0055 OK [READ-WRITE] INBOX selected. (Success)

D, [2014-12-17T21:30:49.175796 #53568] DEBUG -- : Done
D, [2014-12-17T21:30:49.176050 #53568] DEBUG -- : Getting mailbox status
D, [2014-12-17T21:30:49.176074 #53568] DEBUG -- : Getting highest message id
D, [2014-12-17T21:30:49.337937 #53568] DEBUG -- : Highest seqno: 9
D, [2014-12-17T21:30:49.337992 #53568] DEBUG -- : Clearing cached message
D, [2014-12-17T21:30:50.544389 #53568] DEBUG -- : Flag [36127] Deleted +FLAGS
D, [2014-12-17T21:30:50.544437 #53568] DEBUG -- : Deleting uid_set: [36127]
D, [2014-12-17T21:30:50.544457 #53568] DEBUG -- : Decremented max seqno from 9 to 8
D, [2014-12-17T21:30:50.544570 #53568] DEBUG -- : imap.uid_copy [36127] to [Google Mail]/Papierkorb
D, [2014-12-17T21:30:50.863137 #53568] DEBUG -- : RUBY0057 OK [COPYUID 601107579 36127 13817] (Success)

D, [2014-12-17T21:30:50.863198 #53568] DEBUG -- : imap.uid_store [36127] +FLAGS [Deleted]
D, [2014-12-17T21:30:51.049386 #53568] DEBUG -- : nil
D, [2014-12-17T21:30:51.049444 #53568] DEBUG -- : Selecting mailbox "INBOX"
D, [2014-12-17T21:30:51.218521 #53568] DEBUG -- : RUBY0059 OK [READ-WRITE] INBOX selected. (Success)

D, [2014-12-17T21:30:51.218606 #53568] DEBUG -- : Done
D, [2014-12-17T21:30:51.218886 #53568] DEBUG -- : Getting mailbox status
D, [2014-12-17T21:30:51.218910 #53568] DEBUG -- : Getting highest message id
D, [2014-12-17T21:30:51.380248 #53568] DEBUG -- : Highest seqno: 8
D, [2014-12-17T21:30:51.380304 #53568] DEBUG -- : Clearing cached message
D, [2014-12-17T21:30:52.968708 #53568] DEBUG -- : Flag [36126] Deleted +FLAGS
D, [2014-12-17T21:30:52.968754 #53568] DEBUG -- : Deleting uid_set: [36126]
D, [2014-12-17T21:30:52.968774 #53568] DEBUG -- : Decremented max seqno from 8 to 7
D, [2014-12-17T21:30:52.968891 #53568] DEBUG -- : imap.uid_copy [36126] to [Google Mail]/Papierkorb
D, [2014-12-17T21:30:53.395233 #53568] DEBUG -- : RUBY0061 OK [COPYUID 601107579 36126 13818] (Success)

D, [2014-12-17T21:30:53.395342 #53568] DEBUG -- : imap.uid_store [36126] +FLAGS [Deleted]
D, [2014-12-17T21:30:53.557933 #53568] DEBUG -- : nil
D, [2014-12-17T21:30:53.557992 #53568] DEBUG -- : Selecting mailbox "INBOX"
D, [2014-12-17T21:30:53.763470 #53568] DEBUG -- : RUBY0063 OK [READ-WRITE] INBOX selected. (Success)

D, [2014-12-17T21:30:53.763553 #53568] DEBUG -- : Done
D, [2014-12-17T21:30:53.763825 #53568] DEBUG -- : Getting mailbox status
D, [2014-12-17T21:30:53.763848 #53568] DEBUG -- : Getting highest message id
D, [2014-12-17T21:30:53.924996 #53568] DEBUG -- : Highest seqno: 7
D, [2014-12-17T21:30:53.925058 #53568] DEBUG -- : Clearing cached message
D, [2014-12-17T21:32:39.978558 #53568] DEBUG -- : Decremented max seqno from 7 to 6
D, [2014-12-17T21:32:39.978605 #53568] DEBUG -- : Move [36125] to GTD/Rechnungen
D, [2014-12-17T21:32:39.978641 #53568] DEBUG -- : Moving uid_set: [36125] to GTD/Rechnungen
D, [2014-12-17T21:32:40.359779 #53568] DEBUG -- : RUBY0065 OK [COPYUID 601107657 36125 23] (Success)

D, [2014-12-17T21:32:40.670680 #53568] DEBUG -- : [#<struct Net::IMAP::FetchData seqno=7, attr={"FLAGS"=>[:Deleted], "UID"=>36125}>]
D, [2014-12-17T21:32:40.670930 #53568] DEBUG -- : Selecting mailbox "INBOX"
D, [2014-12-17T21:32:40.847450 #53568] DEBUG -- : RUBY0067 OK [READ-WRITE] INBOX selected. (Success)

D, [2014-12-17T21:32:40.847549 #53568] DEBUG -- : Done
D, [2014-12-17T21:32:40.847823 #53568] DEBUG -- : Getting mailbox status
D, [2014-12-17T21:32:40.847846 #53568] DEBUG -- : Getting highest message id
D, [2014-12-17T21:32:41.010086 #53568] DEBUG -- : Highest seqno: 6
D, [2014-12-17T21:32:41.010145 #53568] DEBUG -- : Clearing cached message
D, [2014-12-17T21:32:41.010167 #53568] DEBUG -- : Moved uid_set [36125] to GTD/Rechnungen
D, [2014-12-17T21:32:43.731621 #53568] DEBUG -- : Show message: "<14a582e3339.1e16.55636@ismtpd-083>"
D, [2014-12-17T21:32:43.731867 #53568] DEBUG -- : - found message <14a582e3339.1e16.55636@ismtpd-083>
D, [2014-12-17T21:32:43.731894 #53568] DEBUG -- : - message has plaintext? false
D, [2014-12-17T21:32:43.731910 #53568] DEBUG -- : - full message cache miss
D, [2014-12-17T21:32:43.732086 #53568] DEBUG -- : - fetching message uid 36124
D, [2014-12-17T21:32:44.071266 #53568] DEBUG -- : Showing message message_id: <14a582e3339.1e16.55636@ismtpd-083>
D, [2014-12-17T21:33:15.289080 #53568] DEBUG -- : Flag [36124] Deleted +FLAGS
D, [2014-12-17T21:33:15.289128 #53568] DEBUG -- : Deleting uid_set: [36124]
D, [2014-12-17T21:33:15.289148 #53568] DEBUG -- : Decremented max seqno from 6 to 5
D, [2014-12-17T21:33:15.289283 #53568] DEBUG -- : imap.uid_copy [36124] to [Google Mail]/Papierkorb
D, [2014-12-17T21:33:15.564569 #53568] DEBUG -- : RUBY0070 OK [COPYUID 601107579 36124 13819] (Success)

D, [2014-12-17T21:33:15.564625 #53568] DEBUG -- : imap.uid_store [36124] +FLAGS [Deleted]
D, [2014-12-17T21:33:15.746721 #53568] DEBUG -- : nil
D, [2014-12-17T21:33:15.746784 #53568] DEBUG -- : Selecting mailbox "INBOX"
D, [2014-12-17T21:33:15.917467 #53568] DEBUG -- : RUBY0072 OK [READ-WRITE] INBOX selected. (Success)

D, [2014-12-17T21:33:15.917548 #53568] DEBUG -- : Done
D, [2014-12-17T21:33:15.917830 #53568] DEBUG -- : Getting mailbox status
D, [2014-12-17T21:33:15.917854 #53568] DEBUG -- : Getting highest message id
D, [2014-12-17T21:33:16.081725 #53568] DEBUG -- : Highest seqno: 5
D, [2014-12-17T21:33:16.081786 #53568] DEBUG -- : Clearing cached message
D, [2014-12-17T21:33:24.982611 #53568] DEBUG -- : loading mailboxes...
D, [2014-12-17T21:33:24.982678 #53568] DEBUG -- : Loaded mailboxes: ["INBOX", "0", "GTD/Antworten", "GTD/Lesen", "GTD/Rechnungen", "GTD/Referenzmaterial", "GTD/Waiting", "Workthrough", "Workthrough/tests", "all", "drafts", "sent", "starred", "trash", "spam", "important", "zzz_GTD-Luggage"]
D, [2014-12-17T21:33:25.390792 #53568] DEBUG -- : Selecting mailbox "GTD/Lesen"
D, [2014-12-17T21:33:25.570990 #53568] DEBUG -- : RUBY0074 OK [READ-WRITE] GTD/Lesen selected. (Success)

D, [2014-12-17T21:33:25.571073 #53568] DEBUG -- : Done
D, [2014-12-17T21:33:25.571342 #53568] DEBUG -- : Getting mailbox status
D, [2014-12-17T21:33:25.571368 #53568] DEBUG -- : Getting highest message id
D, [2014-12-17T21:33:25.733184 #53568] DEBUG -- : Highest seqno: 13
D, [2014-12-17T21:33:25.807545 #53568] DEBUG -- : Setting window width to 318
D, [2014-12-17T21:33:25.865287 #53568] DEBUG -- : #search: "all"
D, [2014-12-17T21:33:25.865380 #53568] DEBUG -- : Query: "1:13 all"
D, [2014-12-17T21:33:26.026848 #53568] DEBUG -- : - Query got 13 results; max seqno: 13
D, [2014-12-17T21:33:26.026904 #53568] DEBUG -- : Clearing cached message
D, [2014-12-17T21:33:26.026927 #53568] DEBUG -- : Fetching headers for 13 messages
D, [2014-12-17T21:33:30.045288 #53568] DEBUG -- : loading mailboxes...
D, [2014-12-17T21:33:30.045360 #53568] DEBUG -- : Loaded mailboxes: ["INBOX", "0", "GTD/Antworten", "GTD/Lesen", "GTD/Rechnungen", "GTD/Referenzmaterial", "GTD/Waiting", "Workthrough", "Workthrough/tests", "all", "drafts", "sent", "starred", "trash", "spam", "important", "zzz_GTD-Luggage"]
D, [2014-12-17T21:33:45.378281 #53568] DEBUG -- : loading mailboxes...
D, [2014-12-17T21:33:45.378342 #53568] DEBUG -- : Loaded mailboxes: ["INBOX", "0", "GTD/Antworten", "GTD/Lesen", "GTD/Rechnungen", "GTD/Referenzmaterial", "GTD/Waiting", "Workthrough", "Workthrough/tests", "all", "drafts", "sent", "starred", "trash", "spam", "important", "zzz_GTD-Luggage"]
D, [2014-12-17T21:33:48.422480 #53568] DEBUG -- : loading mailboxes...
D, [2014-12-17T21:33:48.422539 #53568] DEBUG -- : Loaded mailboxes: ["INBOX", "0", "GTD/Antworten", "GTD/Lesen", "GTD/Rechnungen", "GTD/Referenzmaterial", "GTD/Waiting", "Workthrough", "Workthrough/tests", "all", "drafts", "sent", "starred", "trash", "spam", "important", "zzz_GTD-Luggage"]
D, [2014-12-17T21:33:52.393679 #53568] DEBUG -- : Selecting mailbox "INBOX"
D, [2014-12-17T21:33:52.567542 #53568] DEBUG -- : RUBY0078 OK [READ-WRITE] INBOX selected. (Success)

D, [2014-12-17T21:33:52.567622 #53568] DEBUG -- : Done
D, [2014-12-17T21:33:52.567893 #53568] DEBUG -- : Getting mailbox status
D, [2014-12-17T21:33:52.567919 #53568] DEBUG -- : Getting highest message id
D, [2014-12-17T21:33:52.730692 #53568] DEBUG -- : Highest seqno: 5
D, [2014-12-17T21:33:52.803778 #53568] DEBUG -- : Setting window width to 318
D, [2014-12-17T21:33:52.866070 #53568] DEBUG -- : #search: "all"
D, [2014-12-17T21:33:52.866150 #53568] DEBUG -- : Query: "1:5 all"
D, [2014-12-17T21:33:53.027820 #53568] DEBUG -- : - Query got 5 results; max seqno: 5
D, [2014-12-17T21:33:53.027875 #53568] DEBUG -- : Clearing cached message
D, [2014-12-17T21:33:53.027895 #53568] DEBUG -- : Fetching headers for 5 messages
D, [2014-12-17T21:33:57.782420 #53568] DEBUG -- : Decremented max seqno from 5 to 4
D, [2014-12-17T21:33:57.782468 #53568] DEBUG -- : Move [36117] to GTD/Lesen
D, [2014-12-17T21:33:57.782495 #53568] DEBUG -- : Moving uid_set: [36117] to GTD/Lesen
D, [2014-12-17T21:33:58.081813 #53568] DEBUG -- : RUBY0082 OK [COPYUID 601107654 36117 49] (Success)

D, [2014-12-17T21:33:58.696334 #53568] DEBUG -- : [#<struct Net::IMAP::FetchData seqno=5, attr={"FLAGS"=>[:Seen, :Deleted], "UID"=>36117}>]
D, [2014-12-17T21:33:58.696407 #53568] DEBUG -- : Selecting mailbox "INBOX"
D, [2014-12-17T21:33:58.864798 #53568] DEBUG -- : RUBY0084 OK [READ-WRITE] INBOX selected. (Success)

D, [2014-12-17T21:33:58.864879 #53568] DEBUG -- : Done
D, [2014-12-17T21:33:58.865140 #53568] DEBUG -- : Getting mailbox status
D, [2014-12-17T21:33:58.865166 #53568] DEBUG -- : Getting highest message id
D, [2014-12-17T21:33:59.028534 #53568] DEBUG -- : Highest seqno: 4
D, [2014-12-17T21:33:59.028589 #53568] DEBUG -- : Clearing cached message
D, [2014-12-17T21:33:59.028609 #53568] DEBUG -- : Moved uid_set [36117] to GTD/Lesen
D, [2014-12-17T21:34:02.123259 #53568] DEBUG -- : loading mailboxes...
D, [2014-12-17T21:34:02.123319 #53568] DEBUG -- : Loaded mailboxes: ["INBOX", "0", "GTD/Antworten", "GTD/Lesen", "GTD/Rechnungen", "GTD/Referenzmaterial", "GTD/Waiting", "Workthrough", "Workthrough/tests", "all", "drafts", "sent", "starred", "trash", "spam", "important", "zzz_GTD-Luggage"]
D, [2014-12-17T21:34:05.517904 #53568] DEBUG -- : Decremented max seqno from 4 to 3
D, [2014-12-17T21:34:05.517951 #53568] DEBUG -- : Move [36116] to GTD/Rechnungen
D, [2014-12-17T21:34:05.517979 #53568] DEBUG -- : Moving uid_set: [36116] to GTD/Rechnungen
D, [2014-12-17T21:34:06.700149 #53568] DEBUG -- : RUBY0086 OK [COPYUID 601107657 36116 24] (Success)

D, [2014-12-17T21:34:07.298260 #53568] DEBUG -- : [#<struct Net::IMAP::FetchData seqno=4, attr={"FLAGS"=>[:Deleted], "UID"=>36116}>]
D, [2014-12-17T21:34:07.298360 #53568] DEBUG -- : Selecting mailbox "INBOX"
D, [2014-12-17T21:34:07.468518 #53568] DEBUG -- : RUBY0088 OK [READ-WRITE] INBOX selected. (Success)

D, [2014-12-17T21:34:07.468604 #53568] DEBUG -- : Done
D, [2014-12-17T21:34:07.468965 #53568] DEBUG -- : Getting mailbox status
D, [2014-12-17T21:34:07.468990 #53568] DEBUG -- : Getting highest message id
D, [2014-12-17T21:34:07.630190 #53568] DEBUG -- : Highest seqno: 3
D, [2014-12-17T21:34:07.630252 #53568] DEBUG -- : Clearing cached message
D, [2014-12-17T21:34:07.630275 #53568] DEBUG -- : Moved uid_set [36116] to GTD/Rechnungen
D, [2014-12-17T21:34:15.862917 #53568] DEBUG -- : Decremented max seqno from 3 to 2
D, [2014-12-17T21:34:15.862965 #53568] DEBUG -- : Move [36094] to GTD/Antworten
D, [2014-12-17T21:34:15.862994 #53568] DEBUG -- : Moving uid_set: [36094] to GTD/Antworten
D, [2014-12-17T21:34:15.933812 #53568] DEBUG -- : Show message: "<CAGBMXSKrcmp9Yir90g6ZMFzpzfGODLov4bgr37_K_iDH0ymYiA@mail.gmail.com>"
D, [2014-12-17T21:34:15.934074 #53568] DEBUG -- : - found message <CAGBMXSKrcmp9Yir90g6ZMFzpzfGODLov4bgr37_K_iDH0ymYiA@mail.gmail.com>
D, [2014-12-17T21:34:15.934103 #53568] DEBUG -- : - message has plaintext? false
D, [2014-12-17T21:34:15.934119 #53568] DEBUG -- : - full message cache miss
D, [2014-12-17T21:34:15.934296 #53568] DEBUG -- : - fetching message uid 36101
D, [2014-12-17T21:34:16.152792 #53568] DEBUG -- : RUBY0090 OK [COPYUID 601107653 36094 9] (Success)

D, [2014-12-17T21:34:16.233768 #53568] DEBUG -- : Showing message message_id: <CAGBMXSKrcmp9Yir90g6ZMFzpzfGODLov4bgr37_K_iDH0ymYiA@mail.gmail.com>
D, [2014-12-17T21:34:16.448173 #53568] DEBUG -- : [#<struct Net::IMAP::FetchData seqno=1, attr={"FLAGS"=>[:Seen, :Deleted], "UID"=>36094}>]
D, [2014-12-17T21:34:16.448253 #53568] DEBUG -- : Selecting mailbox "INBOX"
D, [2014-12-17T21:34:16.619817 #53568] DEBUG -- : RUBY0093 OK [READ-WRITE] INBOX selected. (Success)

D, [2014-12-17T21:34:16.619900 #53568] DEBUG -- : Done
D, [2014-12-17T21:34:16.620180 #53568] DEBUG -- : Getting mailbox status
D, [2014-12-17T21:34:16.620209 #53568] DEBUG -- : Getting highest message id
D, [2014-12-17T21:34:16.862070 #53568] DEBUG -- : Highest seqno: 2
D, [2014-12-17T21:34:16.862131 #53568] DEBUG -- : Clearing cached message
D, [2014-12-17T21:34:16.862153 #53568] DEBUG -- : Moved uid_set [36094] to GTD/Antworten
D, [2014-12-17T21:34:35.373222 #53568] DEBUG -- : Closing connection
D, [2014-12-17T21:38:18.594148 #54077] DEBUG -- : RUBY0001 OK ferdi.leinbach@gmail.com authenticated (Success)

D, [2014-12-17T21:38:18.594215 #54077] DEBUG -- : loading mailboxes...
D, [2014-12-17T21:38:18.744046 #54077] DEBUG -- : Loaded mailboxes: ["INBOX", "0", "GTD/Antworten", "GTD/Lesen", "GTD/Rechnungen", "GTD/Referenzmaterial", "GTD/Waiting", "Workthrough", "Workthrough/tests", "[Google Mail]/Alle Nachrichten", "[Google Mail]/Entwürfe", "[Google Mail]/Gesendet", "[Google Mail]/Markiert", "[Google Mail]/Papierkorb", "[Google Mail]/Spam", "[Google Mail]/Wichtig", "zzz_GTD-Luggage"]
D, [2014-12-17T21:38:18.744141 #54077] DEBUG -- : Setting aliases to {"sent"=>"[Google Mail]/Gesendet", "all"=>"[Google Mail]/Alle Nachrichten", "starred"=>"[Google Mail]/Markiert", "important"=>"[Google Mail]/Wichtig", "drafts"=>"[Google Mail]/Entwürfe", "spam"=>"[Google Mail]/Spam", "trash"=>"[Google Mail]/Papierkorb"}
D, [2014-12-17T21:38:18.748408 #54077] DEBUG -- : Selecting mailbox "GTD/Lesen"
D, [2014-12-17T21:38:18.932825 #54077] DEBUG -- : RUBY0003 OK [READ-WRITE] GTD/Lesen selected. (Success)

D, [2014-12-17T21:38:18.932908 #54077] DEBUG -- : Done
D, [2014-12-17T21:38:18.933425 #54077] DEBUG -- : Getting mailbox status
D, [2014-12-17T21:38:18.933452 #54077] DEBUG -- : Getting highest message id
D, [2014-12-17T21:38:19.128655 #54077] DEBUG -- : Highest seqno: 14
D, [2014-12-17T21:38:19.774052 #54077] DEBUG -- : Setting window width to 318
D, [2014-12-17T21:38:19.841630 #54077] DEBUG -- : Selecting mailbox "GTD/Lesen"
D, [2014-12-17T21:38:20.011802 #54077] DEBUG -- : RUBY0005 OK [READ-WRITE] GTD/Lesen selected. (Success)

D, [2014-12-17T21:38:20.011921 #54077] DEBUG -- : Done
D, [2014-12-17T21:38:20.012277 #54077] DEBUG -- : Getting mailbox status
D, [2014-12-17T21:38:20.012303 #54077] DEBUG -- : Getting highest message id
D, [2014-12-17T21:38:20.173976 #54077] DEBUG -- : Highest seqno: 14
D, [2014-12-17T21:38:20.250147 #54077] DEBUG -- : #search: "\"all\""
D, [2014-12-17T21:38:20.250380 #54077] DEBUG -- : Query: "1:14 all"
D, [2014-12-17T21:38:20.412484 #54077] DEBUG -- : - Query got 14 results; max seqno: 14
D, [2014-12-17T21:38:20.412563 #54077] DEBUG -- : Clearing cached message
D, [2014-12-17T21:38:20.412622 #54077] DEBUG -- : Fetching headers for 14 messages
D, [2014-12-17T21:38:23.855281 #54077] DEBUG -- : Closing connection
